
2025/03/18 (20:49:51) | ===> btop++ v.1.4.0
2025/03/18 (20:49:51) | WARNING: Intel GPU: Failed to initialize PMU
2025/03/18 (20:50:58) | WARNING: Failed to join _runner thread on exit!

2025/03/20 (01:47:41) | ===> btop++ v.1.4.0
2025/03/20 (01:47:41) | WARNING: Intel GPU: Failed to initialize PMU
2025/03/20 (01:48:07) | WARNING: Failed to join _runner thread on exit!

2025/03/20 (12:33:22) | ===> btop++ v.1.4.0
2025/03/20 (12:33:22) | WARNING: Intel GPU: Failed to initialize PMU
2025/03/20 (12:33:53) | WARNING: Failed to join _runner thread on exit!

2025/03/20 (12:33:54) | ===> btop++ v.1.4.0
2025/03/20 (12:33:54) | WARNING: Intel GPU: Failed to initialize PMU

2025/03/23 (18:27:13) | ===> btop++ v.1.4.0
2025/03/23 (18:27:13) | WARNING: Intel GPU: Failed to initialize PMU

2025/03/23 (20:19:53) | ===> btop++ v.1.4.0
2025/03/23 (20:19:53) | WARNING: Intel GPU: Failed to initialize PMU

2025/03/28 (18:18:28) | ===> btop++ v.1.4.0
2025/03/28 (18:18:28) | WARNING: Intel GPU: Failed to initialize PMU

2025/03/28 (19:28:28) | ===> btop++ v.1.4.0
2025/03/28 (19:28:28) | WARNING: Intel GPU: Failed to initialize PMU

2025/03/28 (19:31:47) | ===> btop++ v.1.4.0
2025/03/28 (19:31:47) | WARNING: Intel GPU: Failed to initialize PMU

2025/03/28 (19:36:37) | ===> btop++ v.1.4.0
2025/03/28 (19:36:37) | WARNING: Intel GPU: Failed to initialize PMU

2025/03/28 (22:03:01) | ===> btop++ v.1.4.0
2025/03/28 (22:03:01) | WARNING: Intel GPU: Failed to initialize PMU

2025/03/28 (22:03:34) | ===> btop++ v.1.4.0
2025/03/28 (22:03:34) | WARNING: Intel GPU: Failed to initialize PMU

2025/03/28 (22:05:02) | ===> btop++ v.1.4.0
2025/03/28 (22:05:02) | WARNING: Intel GPU: Failed to initialize PMU
2025/03/28 (22:05:10) | WARNING: Failed to join _runner thread on exit!

2025/03/28 (22:06:41) | ===> btop++ v.1.4.0
2025/03/28 (22:06:41) | WARNING: Intel GPU: Failed to initialize PMU
2025/03/28 (22:06:47) | WARNING: Failed to join _runner thread on exit!

2025/03/28 (22:07:18) | ===> btop++ v.1.4.0
2025/03/28 (22:07:18) | WARNING: Intel GPU: Failed to initialize PMU
2025/03/28 (22:07:20) | WARNING: Failed to join _runner thread on exit!

2025/03/28 (22:09:52) | ===> btop++ v.1.4.0
2025/03/28 (22:09:52) | WARNING: Intel GPU: Failed to initialize PMU
2025/03/28 (22:11:05) | INFO: Logger set to INFO
2025/03/28 (22:11:05) | INFO: Logger set to DEBUG
2025/03/28 (22:11:35) | WARNING: Failed to join _runner thread on exit!

2025/03/28 (22:11:39) | ===> btop++ v.1.4.0
2025/03/28 (22:11:39) | WARNING: Intel GPU: Failed to initialize PMU

2025/03/28 (22:14:43) | ===> btop++ v.1.4.0
2025/03/28 (22:14:43) | WARNING: Intel GPU: Failed to initialize PMU

2025/03/28 (22:33:30) | ===> btop++ v.1.4.0
2025/03/28 (22:33:30) | WARNING: Intel GPU: Failed to initialize PMU

2025/03/29 (08:23:26) | ===> btop++ v.1.4.0
2025/03/29 (08:23:26) | WARNING: Intel GPU: Failed to initialize PMU
2025/03/29 (08:23:54) | WARNING: Failed to join _runner thread on exit!

2025/03/29 (14:27:23) | ===> btop++ v.1.4.0
2025/03/29 (14:27:23) | WARNING: Intel GPU: Failed to initialize PMU

2025/03/29 (18:27:53) | ===> btop++ v.1.4.0
2025/03/29 (18:27:53) | WARNING: Intel GPU: Failed to initialize PMU

2025/03/29 (19:54:22) | ===> btop++ v.1.4.0
2025/03/29 (19:54:22) | WARNING: Intel GPU: Failed to initialize PMU

2025/03/29 (20:22:19) | ===> btop++ v.1.4.0
2025/03/29 (20:22:19) | WARNING: Intel GPU: Failed to initialize PMU

2025/03/30 (11:41:57) | ===> btop++ v.1.4.0
2025/03/30 (11:41:57) | WARNING: Intel GPU: Failed to initialize PMU

2025/03/30 (13:19:27) | ===> btop++ v.1.4.0
2025/03/30 (13:19:27) | WARNING: Intel GPU: Failed to initialize PMU

2025/03/30 (20:50:40) | ===> btop++ v.1.4.0
2025/03/30 (20:50:40) | WARNING: Intel GPU: Failed to initialize PMU

2025/03/31 (17:04:26) | ===> btop++ v.1.4.0
2025/03/31 (17:04:26) | WARNING: Intel GPU: Failed to initialize PMU

2025/04/03 (21:01:16) | ===> btop++ v.1.4.0
2025/04/03 (21:01:16) | WARNING: Intel GPU: Failed to initialize PMU

2025/04/04 (19:10:33) | ===> btop++ v.1.4.0
2025/04/04 (19:10:33) | WARNING: Intel GPU: Failed to initialize PMU

2025/04/04 (20:32:06) | ===> btop++ v.1.4.0
2025/04/04 (20:32:06) | WARNING: Intel GPU: Failed to initialize PMU

2025/04/05 (15:58:27) | ===> btop++ v.1.4.0
2025/04/05 (15:58:27) | WARNING: Intel GPU: Failed to initialize PMU

2025/04/07 (18:00:36) | ===> btop++ v.1.4.0
2025/04/07 (18:00:36) | WARNING: Intel GPU: Failed to initialize PMU

2025/04/07 (18:07:06) | ===> btop++ v.1.4.0
2025/04/07 (18:07:06) | WARNING: Intel GPU: Failed to initialize PMU

2025/04/07 (18:38:37) | ===> btop++ v.1.4.0
2025/04/07 (18:38:37) | WARNING: Intel GPU: Failed to initialize PMU

2025/04/07 (18:39:02) | ===> btop++ v.1.4.0
2025/04/07 (18:39:02) | WARNING: Intel GPU: Failed to initialize PMU

2025/04/07 (18:39:13) | ===> btop++ v.1.4.0
2025/04/07 (18:39:13) | WARNING: Intel GPU: Failed to initialize PMU

2025/04/07 (19:01:56) | ===> btop++ v.1.4.0
2025/04/07 (19:01:56) | WARNING: Intel GPU: Failed to initialize PMU

2025/04/07 (21:56:49) | ===> btop++ v.1.4.0
2025/04/07 (21:56:49) | WARNING: Intel GPU: Failed to initialize PMU

2025/04/10 (20:03:41) | ===> btop++ v.1.4.0
2025/04/10 (20:03:41) | WARNING: Intel GPU: Failed to initialize PMU

2025/04/14 (17:10:45) | ===> btop++ v.1.4.0
2025/04/14 (17:10:45) | WARNING: Intel GPU: Failed to initialize PMU

2025/04/15 (11:31:39) | ===> btop++ v.1.4.0
2025/04/15 (11:31:39) | WARNING: Intel GPU: Failed to initialize PMU

2025/04/20 (16:33:50) | ===> btop++ v.1.4.0
2025/04/20 (16:33:50) | WARNING: Intel GPU: Failed to initialize PMU

2025/04/20 (16:43:40) | ===> btop++ v.1.4.0
2025/04/20 (16:43:40) | WARNING: Intel GPU: Failed to initialize PMU

2025/04/20 (17:31:24) | ===> btop++ v.1.4.0
2025/04/20 (17:31:24) | WARNING: Intel GPU: Failed to initialize PMU

2025/04/20 (17:41:44) | ===> btop++ v.1.4.0
2025/04/20 (17:41:44) | WARNING: Intel GPU: Failed to initialize PMU

2025/04/20 (18:03:44) | ===> btop++ v.1.4.0
2025/04/20 (18:03:44) | WARNING: Intel GPU: Failed to initialize PMU

2025/04/24 (18:57:53) | ===> btop++ v.1.4.0
2025/04/24 (18:57:53) | WARNING: Intel GPU: Failed to initialize PMU
2025/04/24 (18:58:46) | ERROR: Exception during Config::unlock() : unordered_map::at

2025/04/24 (18:58:50) | ===> btop++ v.1.4.0
2025/04/24 (18:58:50) | WARNING: Intel GPU: Failed to initialize PMU

2025/04/25 (17:20:57) | ===> btop++ v.1.4.0
2025/04/25 (17:20:57) | WARNING: Intel GPU: Failed to initialize PMU

2025/04/25 (17:36:22) | ===> btop++ v.1.4.0
2025/04/25 (17:36:22) | WARNING: Intel GPU: Failed to initialize PMU

2025/04/25 (17:36:29) | ===> btop++ v.1.4.0
2025/04/25 (17:36:29) | WARNING: Intel GPU: Failed to initialize PMU

2025/04/25 (21:17:05) | ===> btop++ v.1.4.0
2025/04/25 (21:17:05) | WARNING: Intel GPU: Failed to initialize PMU

2025/04/25 (21:19:19) | ===> btop++ v.1.4.0
2025/04/25 (21:19:19) | WARNING: Intel GPU: Failed to initialize PMU

2025/04/25 (21:23:40) | ===> btop++ v.1.4.0
2025/04/25 (21:23:40) | WARNING: Intel GPU: Failed to initialize PMU

2025/04/26 (10:20:57) | ===> btop++ v.1.4.0
2025/04/26 (10:20:57) | WARNING: Intel GPU: Failed to initialize PMU

2025/04/27 (11:07:38) | ===> btop++ v.1.4.0
2025/04/27 (11:07:38) | WARNING: Intel GPU: Failed to initialize PMU

2025/04/27 (18:58:14) | ===> btop++ v.1.4.0
2025/04/27 (18:58:14) | WARNING: Intel GPU: Failed to initialize PMU

2025/04/27 (18:58:21) | ===> btop++ v.1.4.0
2025/04/27 (18:58:21) | WARNING: Intel GPU: Failed to initialize PMU

2025/04/27 (18:59:46) | ===> btop++ v.1.4.0
2025/04/27 (18:59:46) | WARNING: Intel GPU: Failed to initialize PMU

2025/04/27 (19:10:51) | ===> btop++ v.1.4.0
2025/04/27 (19:10:51) | WARNING: Intel GPU: Failed to initialize PMU

2025/04/27 (19:25:01) | ===> btop++ v.1.4.0
2025/04/27 (19:25:01) | WARNING: Intel GPU: Failed to initialize PMU
